<?xml version="1.0" encoding="UTF-8"?>
<!-- Generated by org.testng.reporters.JUnitXMLReporter -->
<testsuite ignored="0" hostname="DESKTOP-LJ9USIQ" failures="1" tests="13" name="Test" time="0.29" errors="0" timestamp="2022-07-27T10:38:24 PDT">
  <testcase classname="com.testngpractise.grouping" name="homepagevalidation2" time="0.018"/>
  <testcase classname="com.testngpractise.test2" name="test2" time="0.016"/>
  <testcase classname="com.testngpractise.grouping" name="homepagevalidation3" time="0.01"/>
  <testcase classname="com.testngpractise.grouping" name="homepagevalidation1" time="0.026"/>
  <testcase classname="com.testngpractise.grouping" name="homepagevalidation4" time="0.007"/>
  <testcase classname="com.testngpractise.test1" name="test" time="0.005"/>
  <testcase classname="com.testngpractise.grouping" name="logout" time="0.003"/>
  <testcase classname="com.testngpractise.test2" name="test" time="0.002"/>
  <testcase classname="com.testngpractise.Asserts" name="logingmail" time="0.03"/>
  <testcase classname="com.testngpractise.grouping" name="login" time="0.004"/>
  <testcase classname="com.testngpractise.test1" name="test11" time="0.044"/>
  <testcase classname="com.testngpractise.test2" name="test3" time="0.048"/>
  <testcase classname="com.testngpractise.Asserts" name="homepagevalidation1" time="0.141">
    <failure type="java.lang.AssertionError" message="The following asserts failed:
	expected [homepagevalidation0] but found [homepagevalidation1]">
      <![CDATA[java.lang.AssertionError: The following asserts failed:
expected [homepagevalidation0] but found [homepagevalidation1]
at com.testngpractise.Asserts.homepagevalidation1(Asserts.java:28)
at java.base/java.util.concurrent.ThreadPoolExecutor.runWorker(ThreadPoolExecutor.java:1136)
at java.base/java.util.concurrent.ThreadPoolExecutor$Worker.run(ThreadPoolExecutor.java:635)
at java.base/java.lang.Thread.run(Thread.java:833)
... Removed 14 stack frames]]>
    </failure>
  </testcase> <!-- homepagevalidation1 -->
</testsuite> <!-- Test -->
